[0.036s] Invoking command in '/home/ubuntu/robot_ws/build/rviz_plugin_tutorials': CMAKE_PREFIX_PATH=${CMAKE_PREFIX_PATH}:/home/ubuntu/robot_ws/install/xv11_lidar_python:/home/ubuntu/robot_ws/install/serial_motor_demo:/home/ubuntu/robot_ws/install/joy_tester:/opt/ros/humble /usr/bin/cmake /home/ubuntu/robot_ws/src/visualization_tutorials/rviz_plugin_tutorials -DAMENT_CMAKE_SYMLINK_INSTALL=1 -DCMAKE_INSTALL_PREFIX=/home/ubuntu/robot_ws/install/rviz_plugin_tutorials
[0.327s] -- The C compiler identification is GNU 11.4.0
[0.328s] -- The CXX compiler identification is GNU 11.4.0
[0.328s] -- Detecting C compiler ABI info
[0.328s] -- Detecting C compiler ABI info - done
[0.328s] -- Check for working C compiler: /usr/bin/cc - skipped
[0.328s] -- Detecting C compile features
[0.328s] -- Detecting C compile features - done
[0.328s] -- Detecting CXX compiler ABI info
[0.328s] -- Detecting CXX compiler ABI info - done
[0.335s] -- Check for working CXX compiler: /usr/bin/c++ - skipped
[0.335s] -- Detecting CXX compile features
[0.335s] -- Detecting CXX compile features - done
[0.335s] -- Found ament_cmake: 1.3.12 (/opt/ros/humble/share/ament_cmake/cmake)
[0.490s] -- Found Python3: /usr/bin/python3 (found version "3.10.12") found components: Interpreter 
[0.555s] -- Override CMake install command with custom implementation using symlinks instead of copying resources
[0.591s] -- Found geometry_msgs: 4.9.0 (/opt/ros/humble/share/geometry_msgs/cmake)
[0.637s] -- Found rosidl_generator_c: 3.1.7 (/opt/ros/humble/share/rosidl_generator_c/cmake)
[0.643s] -- Found rosidl_adapter: 3.1.7 (/opt/ros/humble/share/rosidl_adapter/cmake)
[0.653s] -- Found rosidl_generator_cpp: 3.1.7 (/opt/ros/humble/share/rosidl_generator_cpp/cmake)
[0.667s] -- Using all available rosidl_typesupport_c: rosidl_typesupport_fastrtps_c;rosidl_typesupport_introspection_c
[0.689s] -- Using all available rosidl_typesupport_cpp: rosidl_typesupport_fastrtps_cpp;rosidl_typesupport_introspection_cpp
[0.739s] -- Found pluginlib: 5.1.2 (/opt/ros/humble/share/pluginlib/cmake)
[0.801s] -- Found rclcpp: 16.0.16 (/opt/ros/humble/share/rclcpp/cmake)
[0.870s] -- Found rmw_implementation_cmake: 6.1.2 (/opt/ros/humble/share/rmw_implementation_cmake/cmake)
[0.874s] -- Found rmw_fastrtps_cpp: 6.2.9 (/opt/ros/humble/share/rmw_fastrtps_cpp/cmake)
[0.908s] -- Found TinyXML2 via Config file: TinyXML2_DIR-NOTFOUND
[0.974s] -- Found OpenSSL: /usr/lib/x86_64-linux-gnu/libcrypto.so (found version "3.0.2")  
[0.977s] -- Found TinyXML2 via Config file: TinyXML2_DIR-NOTFOUND
[0.996s] -- Found FastRTPS: /opt/ros/humble/include  
[0.999s] -- Found TinyXML2 via Config file: TinyXML2_DIR-NOTFOUND
[1.009s] -- Found TinyXML2 via Config file: TinyXML2_DIR-NOTFOUND
[1.023s] -- Using RMW implementation 'rmw_fastrtps_cpp' as default
[1.036s] -- Looking for pthread.h
[1.121s] -- Looking for pthread.h - found
[1.122s] -- Performing Test CMAKE_HAVE_LIBC_PTHREAD
[1.216s] -- Performing Test CMAKE_HAVE_LIBC_PTHREAD - Success
[1.216s] -- Found Threads: TRUE  
[1.273s] -- Found resource_retriever: 3.1.3 (/opt/ros/humble/share/resource_retriever/cmake)
[1.380s] -- library: /usr/lib/x86_64-linux-gnu/libcurl.so
[1.383s] -- Found rviz_common: 11.2.23 (/opt/ros/humble/share/rviz_common/cmake)
[1.391s] -- Setting assimp_DIR to: '/opt/ros/humble/share/rviz_assimp_vendor/cmake/../../../opt/rviz_assimp_vendor/lib/cmake/assimp-4.1'
[1.402s] -- Setting OGRE_DIR to: '/opt/ros/humble/share/rviz_ogre_vendor/cmake/../../../opt/rviz_ogre_vendor/lib/OGRE/cmake'
[1.403s] -- Found OGRE
[1.403s] --   static     : OFF
[1.403s] --   components : HLMS;MeshLodGenerator;Overlay;Paging;Property;RTShaderSystem;Terrain;Volume
[1.403s] --   plugins    : Plugin_BSPSceneManager;Plugin_OctreeSceneManager;Plugin_PCZSceneManager;Plugin_ParticleFX;RenderSystem_GL;RenderSystem_GL3Plus;Codec_STBI
[1.404s] --   media      : /opt/ros/humble/opt/rviz_ogre_vendor/share/OGRE/Media
[1.404s] -- OGRE_LIBRARIES: OgreHLMS;OgreMeshLodGenerator;OgreOverlay;OgrePaging;OgreProperty;OgreRTShaderSystem;OgreTerrain;OgreVolume;OgreMain
[1.404s] -- OGRE_LIBRARY_DIRS: /opt/ros/humble/opt/rviz_ogre_vendor/lib
[1.404s] -- OGRE_PLUGINS: Plugin_BSPSceneManager;Plugin_OctreeSceneManager;Plugin_PCZSceneManager;Plugin_ParticleFX;RenderSystem_GL;RenderSystem_GL3Plus;Codec_STBI
[1.404s] -- OGRE_PLUGIN_DIR: /opt/ros/humble/opt/rviz_ogre_vendor/lib/OGRE
[1.404s] -- rviz_ogre_vendor::OgreOverlay for IMPORTED_LOCATION_RELEASE: /opt/ros/humble/opt/rviz_ogre_vendor/lib/libOgreOverlay.so
[1.404s] -- rviz_ogre_vendor::OgreOverlay for IMPORTED_LOCATION_DEBUG: /opt/ros/humble/opt/rviz_ogre_vendor/lib/libOgreOverlay.so
[1.404s] -- rviz_ogre_vendor::OgreMain for IMPORTED_LOCATION_RELEASE: /opt/ros/humble/opt/rviz_ogre_vendor/lib/libOgreMain.so
[1.404s] -- rviz_ogre_vendor::OgreMain for IMPORTED_LOCATION_DEBUG: /opt/ros/humble/opt/rviz_ogre_vendor/lib/libOgreMain.so
[1.427s] -- Found ZLIB: /usr/lib/x86_64-linux-gnu/libz.so (found version "1.2.11") 
[1.433s] -- Found OpenGL: /usr/lib/x86_64-linux-gnu/libOpenGL.so   
[1.548s] -- Found X11: /usr/include   
[1.548s] -- Looking for XOpenDisplay in /usr/lib/x86_64-linux-gnu/libX11.so;/usr/lib/x86_64-linux-gnu/libXext.so
[1.638s] -- Looking for XOpenDisplay in /usr/lib/x86_64-linux-gnu/libX11.so;/usr/lib/x86_64-linux-gnu/libXext.so - found
[1.639s] -- Looking for gethostbyname
[1.724s] -- Looking for gethostbyname - found
[1.724s] -- Looking for connect
[1.809s] -- Looking for connect - found
[1.810s] -- Looking for remove
[1.918s] -- Looking for remove - found
[1.919s] -- Looking for shmat
[2.041s] -- Looking for shmat - found
[2.042s] -- Looking for IceConnectionNumber in ICE
[2.160s] -- Looking for IceConnectionNumber in ICE - found
[2.265s] -- Found Eigen3: TRUE (found version "3.4.0") 
[2.265s] -- Ensuring Eigen3 include directory is part of orocos-kdl CMake target
[2.524s] -- Found ament_lint_auto: 0.12.14 (/opt/ros/humble/share/ament_lint_auto/cmake)
[2.694s] -- Deploy OGRE media
[2.695s] -- Added test 'copyright' to check source files copyright and LICENSE
[2.700s] -- Added test 'cppcheck' to perform static code analysis on C / C++ code
[2.701s] -- Configured cppcheck include dirs: 
[2.701s] -- Configured cppcheck exclude dirs and/or files: 
[2.706s] -- Added test 'cpplint' to check C / C++ code against the Google style
[2.706s] -- Configured cpplint exclude dirs and/or files: 
[2.707s] -- Added test 'flake8' to check Python code syntax and style conventions
[2.709s] -- Added test 'lint_cmake' to check CMake code style
[2.710s] -- Added test 'pep257' to check Python code against some of the docstring style conventions in PEP 257
[2.715s] -- Added test 'uncrustify' to check C / C++ code style
[2.715s] -- Configured uncrustify additional arguments: 
[2.717s] -- Added test 'xmllint' to check XML markup files
[2.721s] -- Configuring done
[2.796s] -- Generating done
[2.807s] -- Build files have been written to: /home/ubuntu/robot_ws/build/rviz_plugin_tutorials
[2.835s] Invoked command in '/home/ubuntu/robot_ws/build/rviz_plugin_tutorials' returned '0': CMAKE_PREFIX_PATH=${CMAKE_PREFIX_PATH}:/home/ubuntu/robot_ws/install/xv11_lidar_python:/home/ubuntu/robot_ws/install/serial_motor_demo:/home/ubuntu/robot_ws/install/joy_tester:/opt/ros/humble /usr/bin/cmake /home/ubuntu/robot_ws/src/visualization_tutorials/rviz_plugin_tutorials -DAMENT_CMAKE_SYMLINK_INSTALL=1 -DCMAKE_INSTALL_PREFIX=/home/ubuntu/robot_ws/install/rviz_plugin_tutorials
[2.838s] Invoking command in '/home/ubuntu/robot_ws/build/rviz_plugin_tutorials': CMAKE_PREFIX_PATH=${CMAKE_PREFIX_PATH}:/home/ubuntu/robot_ws/install/xv11_lidar_python:/home/ubuntu/robot_ws/install/serial_motor_demo:/home/ubuntu/robot_ws/install/joy_tester:/opt/ros/humble /usr/bin/cmake --build /home/ubuntu/robot_ws/build/rviz_plugin_tutorials -- -j16 -l16
[2.944s] [ 12%] [34m[1mAutomatic MOC for target rviz_plugin_tutorials[0m
[3.587s] [ 12%] Built target rviz_plugin_tutorials_autogen
[3.633s] [ 62%] [32mBuilding CXX object CMakeFiles/rviz_plugin_tutorials.dir/src/imu_display.cpp.o[0m
[3.634s] [ 62%] [32mBuilding CXX object CMakeFiles/rviz_plugin_tutorials.dir/src/imu_visual.cpp.o[0m
[3.634s] [ 62%] [32mBuilding CXX object CMakeFiles/rviz_plugin_tutorials.dir/src/drive_widget.cpp.o[0m
[3.634s] [ 62%] [32mBuilding CXX object CMakeFiles/rviz_plugin_tutorials.dir/src/plant_flag_tool.cpp.o[0m
[3.634s] [ 75%] [32mBuilding CXX object CMakeFiles/rviz_plugin_tutorials.dir/src/teleop_panel.cpp.o[0m
[3.634s] [ 87%] [32mBuilding CXX object CMakeFiles/rviz_plugin_tutorials.dir/rviz_plugin_tutorials_autogen/mocs_compilation.cpp.o[0m
[12.884s] [01m[K/home/ubuntu/robot_ws/src/visualization_tutorials/rviz_plugin_tutorials/src/plant_flag_tool.cpp:[m[K In member function â€˜[01m[Kvirtual void rviz_plugin_tutorials::PlantFlagTool::onInitialize()[m[Kâ€™:
[12.884s] [01m[K/home/ubuntu/robot_ws/src/visualization_tutorials/rviz_plugin_tutorials/src/plant_flag_tool.cpp:92:45:[m[K [01;31m[Kerror: [m[Kinvalid initialization of reference of type â€˜[01m[Kconst string&[m[Kâ€™ {aka â€˜[01m[Kconst std::__cxx11::basic_string<char>&[m[Kâ€™} from expression of type â€˜[01m[Kresource_retriever::Retriever*[m[Kâ€™
[12.884s]    92 |   if (!rviz_rendering::loadMeshFromResource([01;31m[K&this->retriever_[m[K, flag_resource_)) {
[12.884s]       |                                             [01;31m[K^~~~~~~~~~~~~~~~~[m[K
[12.884s] In file included from [01m[K/home/ubuntu/robot_ws/src/visualization_tutorials/rviz_plugin_tutorials/src/plant_flag_tool.cpp:44[m[K:
[12.884s] [01m[K/opt/ros/humble/include/rviz_rendering/rviz_rendering/mesh_loader.hpp:42:56:[m[K [01;36m[Knote: [m[Kin passing argument 1 of â€˜[01m[KOgre::MeshPtr rviz_rendering::loadMeshFromResource(const string&)[m[Kâ€™
[12.884s]    42 | Ogre::MeshPtr loadMeshFromResource([01;36m[Kconst std::string & resource_path[m[K);
[12.884s]       |                                    [01;36m[K~~~~~~~~~~~~~~~~~~~~^~~~~~~~~~~~~[m[K
[14.760s] gmake[2]: *** [CMakeFiles/rviz_plugin_tutorials.dir/build.make:132: CMakeFiles/rviz_plugin_tutorials.dir/src/plant_flag_tool.cpp.o] Error 1
[14.760s] gmake[2]: *** Waiting for unfinished jobs....
[19.312s] gmake[1]: *** [CMakeFiles/Makefile2:138: CMakeFiles/rviz_plugin_tutorials.dir/all] Error 2
[19.312s] gmake: *** [Makefile:146: all] Error 2
[19.315s] Invoked command in '/home/ubuntu/robot_ws/build/rviz_plugin_tutorials' returned '2': CMAKE_PREFIX_PATH=${CMAKE_PREFIX_PATH}:/home/ubuntu/robot_ws/install/xv11_lidar_python:/home/ubuntu/robot_ws/install/serial_motor_demo:/home/ubuntu/robot_ws/install/joy_tester:/opt/ros/humble /usr/bin/cmake --build /home/ubuntu/robot_ws/build/rviz_plugin_tutorials -- -j16 -l16
